# JRE version: OpenJDK Runtime Environment (17.0.11) (build 17.0.11+0--11852314)
# Java VM: OpenJDK 64-Bit Server VM (17.0.11+0--11852314, mixed mode, tiered, compressed oops, compressed class ptrs, g1 gc, windows-amd64)
GC Precious Log:
 CPUs: 4 total, 4 available
 Memory: 8072M
 Large Page Support: Disabled
 NUMA Support: Disabled
 Compressed Oops: Enabled (32-bit)
 Heap Region Size: 1M
 Heap Min Capacity: 8M
 Heap Initial Capacity: 128M
 Heap Max Capacity: 2G
 Pre-touch: Disabled
 Parallel Workers: 4
 Concurrent Workers: 1
 Concurrent Refinement Workers: 4
 Periodic GC: Disabled
Heap:
 garbage-first heap   total 131072K, used 63856K [0x0000000080000000, 0x0000000100000000)
  region size 1024K, 1 young (1024K), 1 survivors (1024K)
 Metaspace       used 58534K, committed 59072K, reserved 1114112K
  class space    used 8006K, committed 8256K, reserved 1048576K
GC Heap History (20 events):
Event: 6.779 GC heap after
{Heap after GC invocations=9 (full 0):
 garbage-first heap   total 71680K, used 23583K [0x0000000080000000, 0x0000000100000000)
  region size 1024K, 4 young (4096K), 4 survivors (4096K)
 Metaspace       used 34667K, committed 35072K, reserved 1114112K
  class space    used 4732K, committed 4928K, reserved 1048576K
}
Event: 6.898 GC heap before
{Heap before GC invocations=9 (full 0):
 garbage-first heap   total 71680K, used 29727K [0x0000000080000000, 0x0000000100000000)
  region size 1024K, 11 young (11264K), 4 survivors (4096K)
 Metaspace       used 35745K, committed 36096K, reserved 1114112K
  class space    used 4880K, committed 5056K, reserved 1048576K
}
Event: 6.904 GC heap after
{Heap after GC invocations=10 (full 0):
 garbage-first heap   total 71680K, used 23865K [0x0000000080000000, 0x0000000100000000)
  region size 1024K, 2 young (2048K), 2 survivors (2048K)
 Metaspace       used 35745K, committed 36096K, reserved 1114112K
  class space    used 4880K, committed 5056K, reserved 1048576K
}
Event: 7.561 GC heap before
{Heap before GC invocations=11 (full 0):
 garbage-first heap   total 71680K, used 55609K [0x0000000080000000, 0x0000000100000000)
  region size 1024K, 34 young (34816K), 2 survivors (2048K)
 Metaspace       used 41323K, committed 41664K, reserved 1114112K
  class space    used 5477K, committed 5632K, reserved 1048576K
}
Event: 7.570 GC heap after
{Heap after GC invocations=12 (full 0):
 garbage-first heap   total 71680K, used 28120K [0x0000000080000000, 0x0000000100000000)
  region size 1024K, 5 young (5120K), 5 survivors (5120K)
 Metaspace       used 41323K, committed 41664K, reserved 1114112K
  class space    used 5477K, committed 5632K, reserved 1048576K
}
Event: 7.578 GC heap before
{Heap before GC invocations=12 (full 0):
 garbage-first heap   total 71680K, used 29144K [0x0000000080000000, 0x0000000100000000)
  region size 1024K, 6 young (6144K), 5 survivors (5120K)
 Metaspace       used 41323K, committed 41664K, reserved 1114112K
  class space    used 5477K, committed 5632K, reserved 1048576K
}
Event: 7.589 GC heap after
{Heap after GC invocations=13 (full 0):
 garbage-first heap   total 110592K, used 28229K [0x0000000080000000, 0x0000000100000000)
  region size 1024K, 1 young (1024K), 1 survivors (1024K)
 Metaspace       used 41323K, committed 41664K, reserved 1114112K
  class space    used 5477K, committed 5632K, reserved 1048576K
}
Event: 8.673 GC heap before
{Heap before GC invocations=13 (full 0):
 garbage-first heap   total 110592K, used 83525K [0x0000000080000000, 0x0000000100000000)
  region size 1024K, 55 young (56320K), 1 survivors (1024K)
 Metaspace       used 46114K, committed 46592K, reserved 1114112K
  class space    used 6261K, committed 6464K, reserved 1048576K
}
Event: 8.679 GC heap after
{Heap after GC invocations=14 (full 0):
 garbage-first heap   total 110592K, used 31566K [0x0000000080000000, 0x0000000100000000)
  region size 1024K, 4 young (4096K), 4 survivors (4096K)
 Metaspace       used 46114K, committed 46592K, reserved 1114112K
  class space    used 6261K, committed 6464K, reserved 1048576K
}
Event: 9.955 GC heap before
{Heap before GC invocations=14 (full 0):
 garbage-first heap   total 110592K, used 85838K [0x0000000080000000, 0x0000000100000000)
  region size 1024K, 55 young (56320K), 4 survivors (4096K)
 Metaspace       used 53221K, committed 53632K, reserved 1114112K
  class space    used 7293K, committed 7488K, reserved 1048576K
}
Event: 9.964 GC heap after
{Heap after GC invocations=15 (full 0):
 garbage-first heap   total 110592K, used 34059K [0x0000000080000000, 0x0000000100000000)
  region size 1024K, 6 young (6144K), 6 survivors (6144K)
 Metaspace       used 53221K, committed 53632K, reserved 1114112K
  class space    used 7293K, committed 7488K, reserved 1048576K
}
Event: 11.522 GC heap before
{Heap before GC invocations=15 (full 0):
 garbage-first heap   total 110592K, used 86283K [0x0000000080000000, 0x0000000100000000)
  region size 1024K, 57 young (58368K), 6 survivors (6144K)
 Metaspace       used 56639K, committed 57152K, reserved 1114112K
  class space    used 7747K, committed 8000K, reserved 1048576K
}
Event: 11.538 GC heap after
{Heap after GC invocations=16 (full 0):
 garbage-first heap   total 110592K, used 40316K [0x0000000080000000, 0x0000000100000000)
  region size 1024K, 8 young (8192K), 8 survivors (8192K)
 Metaspace       used 56639K, committed 57152K, reserved 1114112K
  class space    used 7747K, committed 8000K, reserved 1048576K
}
Event: 12.476 GC heap before
{Heap before GC invocations=16 (full 0):
 garbage-first heap   total 110592K, used 92540K [0x0000000080000000, 0x0000000100000000)
  region size 1024K, 50 young (51200K), 8 survivors (8192K)
 Metaspace       used 57493K, committed 58048K, reserved 1114112K
  class space    used 7855K, committed 8128K, reserved 1048576K
}
Event: 12.492 GC heap after
{Heap after GC invocations=17 (full 0):
 garbage-first heap   total 110592K, used 59245K [0x0000000080000000, 0x0000000100000000)
  region size 1024K, 7 young (7168K), 7 survivors (7168K)
 Metaspace       used 57493K, committed 58048K, reserved 1114112K
  class space    used 7855K, committed 8128K, reserved 1048576K
}
Event: 12.508 GC heap before
{Heap before GC invocations=17 (full 0):
 garbage-first heap   total 110592K, used 60269K [0x0000000080000000, 0x0000000100000000)
  region size 1024K, 8 young (8192K), 7 survivors (7168K)
 Metaspace       used 57493K, committed 58048K, reserved 1114112K
  class space    used 7855K, committed 8128K, reserved 1048576K
}
Event: 12.513 GC heap after
{Heap after GC invocations=18 (full 0):
 garbage-first heap   total 110592K, used 62300K [0x0000000080000000, 0x0000000100000000)
  region size 1024K, 2 young (2048K), 2 survivors (2048K)
 Metaspace       used 57493K, committed 58048K, reserved 1114112K
  class space    used 7855K, committed 8128K, reserved 1048576K
}
Event: 12.911 GC heap before
{Heap before GC invocations=19 (full 0):
 garbage-first heap   total 114688K, used 78684K [0x0000000080000000, 0x0000000100000000)
  region size 1024K, 17 young (17408K), 2 survivors (2048K)
 Metaspace       used 58452K, committed 59008K, reserved 1114112K
  class space    used 7997K, committed 8256K, reserved 1048576K
}
Event: 12.914 GC heap after
{Heap after GC invocations=20 (full 0):
 garbage-first heap   total 114688K, used 63993K [0x0000000080000000, 0x0000000100000000)
  region size 1024K, 3 young (3072K), 3 survivors (3072K)
 Metaspace       used 58452K, committed 59008K, reserved 1114112K
  class space    used 7997K, committed 8256K, reserved 1048576K
}
Event: 12.949 GC heap before
{Heap before GC invocations=20 (full 0):
 garbage-first heap   total 114688K, used 65017K [0x0000000080000000, 0x0000000100000000)
  region size 1024K, 5 young (5120K), 3 survivors (3072K)
 Metaspace       used 58534K, committed 59072K, reserved 1114112K
  class space    used 8006K, committed 8256K, reserved 1048576K
}

