# JRE version: OpenJDK Runtime Environment (17.0.11) (build 17.0.11+0--11852314)
# Java VM: OpenJDK 64-Bit Server VM (17.0.11+0--11852314, mixed mode, tiered, compressed oops, compressed class ptrs, g1 gc, windows-amd64)
GC Precious Log:
 CPUs: 4 total, 4 available
 Memory: 8072M
 Large Page Support: Disabled
 NUMA Support: Disabled
 Compressed Oops: Enabled (32-bit)
 Heap Region Size: 1M
 Heap Min Capacity: 8M
 Heap Initial Capacity: 128M
 Heap Max Capacity: 2020M
 Pre-touch: Disabled
 Parallel Workers: 4
 Concurrent Workers: 1
 Concurrent Refinement Workers: 4
 Periodic GC: Disabled
Heap:
 garbage-first heap   total 196608K, used 133094K [0x0000000081c00000, 0x0000000100000000)
  region size 1024K, 85 young (87040K), 9 survivors (9216K)
 Metaspace       used 66894K, committed 67136K, reserved 1114112K
  class space    used 7721K, committed 7872K, reserved 1048576K
GC Heap History (20 events):
Event: 9.946 GC heap before
{Heap before GC invocations=10 (full 0):
 garbage-first heap   total 55296K, used 38881K [0x0000000081c00000, 0x0000000100000000)
  region size 1024K, 21 young (21504K), 3 survivors (3072K)
 Metaspace       used 39881K, committed 40128K, reserved 1114112K
  class space    used 4862K, committed 4992K, reserved 1048576K
}
Event: 9.957 GC heap after
{Heap after GC invocations=11 (full 0):
 garbage-first heap   total 55296K, used 23560K [0x0000000081c00000, 0x0000000100000000)
  region size 1024K, 3 young (3072K), 3 survivors (3072K)
 Metaspace       used 39881K, committed 40128K, reserved 1114112K
  class space    used 4862K, committed 4992K, reserved 1048576K
}
Event: 10.001 GC heap before
{Heap before GC invocations=11 (full 0):
 garbage-first heap   total 55296K, used 24584K [0x0000000081c00000, 0x0000000100000000)
  region size 1024K, 4 young (4096K), 3 survivors (3072K)
 Metaspace       used 40145K, committed 40384K, reserved 1114112K
  class space    used 4888K, committed 4992K, reserved 1048576K
}
Event: 10.014 GC heap after
{Heap after GC invocations=12 (full 0):
 garbage-first heap   total 55296K, used 22713K [0x0000000081c00000, 0x0000000100000000)
  region size 1024K, 1 young (1024K), 1 survivors (1024K)
 Metaspace       used 40145K, committed 40384K, reserved 1114112K
  class space    used 4888K, committed 4992K, reserved 1048576K
}
Event: 11.111 GC heap before
{Heap before GC invocations=12 (full 0):
 garbage-first heap   total 55296K, used 40121K [0x0000000081c00000, 0x0000000100000000)
  region size 1024K, 18 young (18432K), 1 survivors (1024K)
 Metaspace       used 44327K, committed 44608K, reserved 1114112K
  class space    used 5376K, committed 5504K, reserved 1048576K
}
Event: 11.122 GC heap after
{Heap after GC invocations=13 (full 0):
 garbage-first heap   total 55296K, used 23575K [0x0000000081c00000, 0x0000000100000000)
  region size 1024K, 2 young (2048K), 2 survivors (2048K)
 Metaspace       used 44327K, committed 44608K, reserved 1114112K
  class space    used 5376K, committed 5504K, reserved 1048576K
}
Event: 11.874 GC heap before
{Heap before GC invocations=14 (full 0):
 garbage-first heap   total 55296K, used 43031K [0x0000000081c00000, 0x0000000100000000)
  region size 1024K, 19 young (19456K), 2 survivors (2048K)
 Metaspace       used 47522K, committed 47744K, reserved 1114112K
  class space    used 5766K, committed 5888K, reserved 1048576K
}
Event: 11.887 GC heap after
{Heap after GC invocations=15 (full 0):
 garbage-first heap   total 55296K, used 28402K [0x0000000081c00000, 0x0000000100000000)
  region size 1024K, 3 young (3072K), 3 survivors (3072K)
 Metaspace       used 47522K, committed 47744K, reserved 1114112K
  class space    used 5766K, committed 5888K, reserved 1048576K
}
Event: 11.925 GC heap before
{Heap before GC invocations=15 (full 0):
 garbage-first heap   total 55296K, used 29426K [0x0000000081c00000, 0x0000000100000000)
  region size 1024K, 4 young (4096K), 3 survivors (3072K)
 Metaspace       used 47549K, committed 47744K, reserved 1114112K
  class space    used 5766K, committed 5888K, reserved 1048576K
}
Event: 11.940 GC heap after
{Heap after GC invocations=16 (full 0):
 garbage-first heap   total 98304K, used 28375K [0x0000000081c00000, 0x0000000100000000)
  region size 1024K, 1 young (1024K), 1 survivors (1024K)
 Metaspace       used 47549K, committed 47744K, reserved 1114112K
  class space    used 5766K, committed 5888K, reserved 1048576K
}
Event: 13.359 GC heap before
{Heap before GC invocations=16 (full 0):
 garbage-first heap   total 98304K, used 68311K [0x0000000081c00000, 0x0000000100000000)
  region size 1024K, 39 young (39936K), 1 survivors (1024K)
 Metaspace       used 51923K, committed 52224K, reserved 1114112K
  class space    used 6269K, committed 6400K, reserved 1048576K
}
Event: 13.378 GC heap after
{Heap after GC invocations=17 (full 0):
 garbage-first heap   total 98304K, used 30544K [0x0000000081c00000, 0x0000000100000000)
  region size 1024K, 3 young (3072K), 3 survivors (3072K)
 Metaspace       used 51923K, committed 52224K, reserved 1114112K
  class space    used 6269K, committed 6400K, reserved 1048576K
}
Event: 15.851 GC heap before
{Heap before GC invocations=17 (full 0):
 garbage-first heap   total 98304K, used 70480K [0x0000000081c00000, 0x0000000100000000)
  region size 1024K, 42 young (43008K), 3 survivors (3072K)
 Metaspace       used 56409K, committed 56640K, reserved 1114112K
  class space    used 6704K, committed 6784K, reserved 1048576K
}
Event: 15.910 GC heap after
{Heap after GC invocations=18 (full 0):
 garbage-first heap   total 98304K, used 38880K [0x0000000081c00000, 0x0000000100000000)
  region size 1024K, 6 young (6144K), 6 survivors (6144K)
 Metaspace       used 56409K, committed 56640K, reserved 1114112K
  class space    used 6704K, committed 6784K, reserved 1048576K
}
Event: 17.426 GC heap before
{Heap before GC invocations=18 (full 0):
 garbage-first heap   total 98304K, used 72672K [0x0000000081c00000, 0x0000000100000000)
  region size 1024K, 39 young (39936K), 6 survivors (6144K)
 Metaspace       used 57004K, committed 57280K, reserved 1114112K
  class space    used 6719K, committed 6848K, reserved 1048576K
}
Event: 17.481 GC heap after
{Heap after GC invocations=19 (full 0):
 garbage-first heap   total 98304K, used 45411K [0x0000000081c00000, 0x0000000100000000)
  region size 1024K, 5 young (5120K), 5 survivors (5120K)
 Metaspace       used 57004K, committed 57280K, reserved 1114112K
  class space    used 6719K, committed 6848K, reserved 1048576K
}
Event: 18.100 GC heap before
{Heap before GC invocations=19 (full 0):
 garbage-first heap   total 98304K, used 74083K [0x0000000081c00000, 0x0000000100000000)
  region size 1024K, 33 young (33792K), 5 survivors (5120K)
 Metaspace       used 57699K, committed 57920K, reserved 1114112K
  class space    used 6808K, committed 6912K, reserved 1048576K
}
Event: 18.146 GC heap after
{Heap after GC invocations=20 (full 0):
 garbage-first heap   total 196608K, used 50680K [0x0000000081c00000, 0x0000000100000000)
  region size 1024K, 5 young (5120K), 5 survivors (5120K)
 Metaspace       used 57699K, committed 57920K, reserved 1114112K
  class space    used 6808K, committed 6912K, reserved 1048576K
}
Event: 22.703 GC heap before
{Heap before GC invocations=20 (full 0):
 garbage-first heap   total 196608K, used 140792K [0x0000000081c00000, 0x0000000100000000)
  region size 1024K, 93 young (95232K), 5 survivors (5120K)
 Metaspace       used 62630K, committed 62912K, reserved 1114112K
  class space    used 7456K, committed 7616K, reserved 1048576K
}
Event: 22.727 GC heap after
{Heap after GC invocations=21 (full 0):
 garbage-first heap   total 196608K, used 55270K [0x0000000081c00000, 0x0000000100000000)
  region size 1024K, 9 young (9216K), 9 survivors (9216K)
 Metaspace       used 62630K, committed 62912K, reserved 1114112K
  class space    used 7456K, committed 7616K, reserved 1048576K
}

