# JRE version: OpenJDK Runtime Environment (17.0.11) (build 17.0.11+0--11852314)
# Java VM: OpenJDK 64-Bit Server VM (17.0.11+0--11852314, mixed mode, tiered, compressed oops, compressed class ptrs, g1 gc, windows-amd64)
GC Precious Log:
 CPUs: 4 total, 4 available
 Memory: 8072M
 Large Page Support: Disabled
 NUMA Support: Disabled
 Compressed Oops: Enabled (32-bit)
 Heap Region Size: 1M
 Heap Min Capacity: 8M
 Heap Initial Capacity: 128M
 Heap Max Capacity: 2G
 Pre-touch: Disabled
 Parallel Workers: 4
 Concurrent Workers: 1
 Concurrent Refinement Workers: 4
 Periodic GC: Disabled
Heap:
 garbage-first heap   total 404480K, used 231424K [0x0000000080000000, 0x0000000100000000)
  region size 1024K, 3 young (3072K), 3 survivors (3072K)
 Metaspace       used 142419K, committed 143232K, reserved 1179648K
  class space    used 18798K, committed 19200K, reserved 1048576K
GC Heap History (20 events):
Event: 78.409 GC heap after
{Heap after GC invocations=64 (full 0):
 garbage-first heap   total 321536K, used 197172K [0x0000000080000000, 0x0000000100000000)
  region size 1024K, 5 young (5120K), 5 survivors (5120K)
 Metaspace       used 123228K, committed 124096K, reserved 1179648K
  class space    used 16720K, committed 17152K, reserved 1048576K
}
Event: 80.405 GC heap before
{Heap before GC invocations=65 (full 0):
 garbage-first heap   total 355328K, used 269876K [0x0000000080000000, 0x0000000100000000)
  region size 1024K, 77 young (78848K), 5 survivors (5120K)
 Metaspace       used 126262K, committed 127168K, reserved 1179648K
  class space    used 17050K, committed 17472K, reserved 1048576K
}
Event: 80.428 GC heap after
{Heap after GC invocations=66 (full 0):
 garbage-first heap   total 355328K, used 202547K [0x0000000080000000, 0x0000000100000000)
  region size 1024K, 10 young (10240K), 10 survivors (10240K)
 Metaspace       used 126262K, committed 127168K, reserved 1179648K
  class space    used 17050K, committed 17472K, reserved 1048576K
}
Event: 80.527 GC heap before
{Heap before GC invocations=66 (full 0):
 garbage-first heap   total 355328K, used 209715K [0x0000000080000000, 0x0000000100000000)
  region size 1024K, 17 young (17408K), 10 survivors (10240K)
 Metaspace       used 126262K, committed 127168K, reserved 1179648K
  class space    used 17050K, committed 17472K, reserved 1048576K
}
Event: 80.548 GC heap after
{Heap after GC invocations=67 (full 0):
 garbage-first heap   total 355328K, used 200906K [0x0000000080000000, 0x0000000100000000)
  region size 1024K, 3 young (3072K), 3 survivors (3072K)
 Metaspace       used 126262K, committed 127168K, reserved 1179648K
  class space    used 17050K, committed 17472K, reserved 1048576K
}
Event: 82.646 GC heap before
{Heap before GC invocations=67 (full 0):
 garbage-first heap   total 355328K, used 296138K [0x0000000080000000, 0x0000000100000000)
  region size 1024K, 96 young (98304K), 3 survivors (3072K)
 Metaspace       used 129046K, committed 129984K, reserved 1179648K
  class space    used 17354K, committed 17792K, reserved 1048576K
}
Event: 82.665 GC heap after
{Heap after GC invocations=68 (full 0):
 garbage-first heap   total 355328K, used 206570K [0x0000000080000000, 0x0000000100000000)
  region size 1024K, 9 young (9216K), 9 survivors (9216K)
 Metaspace       used 129046K, committed 129984K, reserved 1179648K
  class space    used 17354K, committed 17792K, reserved 1048576K
}
Event: 85.270 GC heap before
{Heap before GC invocations=69 (full 0):
 garbage-first heap   total 370688K, used 292586K [0x0000000080000000, 0x0000000100000000)
  region size 1024K, 94 young (96256K), 9 survivors (9216K)
 Metaspace       used 134045K, committed 135104K, reserved 1179648K
  class space    used 17890K, committed 18368K, reserved 1048576K
}
Event: 85.298 GC heap after
{Heap after GC invocations=70 (full 0):
 garbage-first heap   total 370688K, used 211030K [0x0000000080000000, 0x0000000100000000)
  region size 1024K, 5 young (5120K), 5 survivors (5120K)
 Metaspace       used 134045K, committed 135104K, reserved 1179648K
  class space    used 17890K, committed 18368K, reserved 1048576K
}
Event: 85.721 GC heap before
{Heap before GC invocations=70 (full 0):
 garbage-first heap   total 370688K, used 223318K [0x0000000080000000, 0x0000000100000000)
  region size 1024K, 18 young (18432K), 5 survivors (5120K)
 Metaspace       used 135839K, committed 136832K, reserved 1179648K
  class space    used 18049K, committed 18496K, reserved 1048576K
}
Event: 85.735 GC heap after
{Heap after GC invocations=71 (full 0):
 garbage-first heap   total 370688K, used 208075K [0x0000000080000000, 0x0000000100000000)
  region size 1024K, 1 young (1024K), 1 survivors (1024K)
 Metaspace       used 135839K, committed 136832K, reserved 1179648K
  class space    used 18049K, committed 18496K, reserved 1048576K
}
Event: 2580.051 GC heap before
{Heap before GC invocations=71 (full 0):
 garbage-first heap   total 370688K, used 308427K [0x0000000080000000, 0x0000000100000000)
  region size 1024K, 100 young (102400K), 1 survivors (1024K)
 Metaspace       used 136641K, committed 137728K, reserved 1179648K
  class space    used 18113K, committed 18624K, reserved 1048576K
}
Event: 2580.084 GC heap after
{Heap after GC invocations=72 (full 0):
 garbage-first heap   total 370688K, used 212542K [0x0000000080000000, 0x0000000100000000)
  region size 1024K, 6 young (6144K), 6 survivors (6144K)
 Metaspace       used 136641K, committed 137728K, reserved 1179648K
  class space    used 18113K, committed 18624K, reserved 1048576K
}
Event: 2583.842 GC heap before
{Heap before GC invocations=72 (full 0):
 garbage-first heap   total 370688K, used 304702K [0x0000000080000000, 0x0000000100000000)
  region size 1024K, 98 young (100352K), 6 survivors (6144K)
 Metaspace       used 139094K, committed 140288K, reserved 1179648K
  class space    used 18475K, committed 19072K, reserved 1048576K
}
Event: 2583.915 GC heap after
{Heap after GC invocations=73 (full 0):
 garbage-first heap   total 370688K, used 224525K [0x0000000080000000, 0x0000000100000000)
  region size 1024K, 13 young (13312K), 13 survivors (13312K)
 Metaspace       used 139094K, committed 140288K, reserved 1179648K
  class space    used 18475K, committed 19072K, reserved 1048576K
}
Event: 2586.574 GC heap before
{Heap before GC invocations=74 (full 0):
 garbage-first heap   total 404480K, used 308493K [0x0000000080000000, 0x0000000100000000)
  region size 1024K, 92 young (94208K), 13 survivors (13312K)
 Metaspace       used 141628K, committed 142592K, reserved 1179648K
  class space    used 18719K, committed 19200K, reserved 1048576K
}
Event: 2586.701 GC heap after
{Heap after GC invocations=75 (full 0):
 garbage-first heap   total 404480K, used 253910K [0x0000000080000000, 0x0000000100000000)
  region size 1024K, 12 young (12288K), 12 survivors (12288K)
 Metaspace       used 141628K, committed 142592K, reserved 1179648K
  class space    used 18719K, committed 19200K, reserved 1048576K
}
Event: 2587.080 GC heap before
{Heap before GC invocations=75 (full 0):
 garbage-first heap   total 404480K, used 261078K [0x0000000080000000, 0x0000000100000000)
  region size 1024K, 19 young (19456K), 12 survivors (12288K)
 Metaspace       used 142273K, committed 143104K, reserved 1179648K
  class space    used 18782K, committed 19200K, reserved 1048576K
}
Event: 2587.164 GC heap after
{Heap after GC invocations=76 (full 0):
 garbage-first heap   total 404480K, used 231424K [0x0000000080000000, 0x0000000100000000)
  region size 1024K, 3 young (3072K), 3 survivors (3072K)
 Metaspace       used 142273K, committed 143104K, reserved 1179648K
  class space    used 18782K, committed 19200K, reserved 1048576K
}
Event: 2587.695 GC heap before
{Heap before GC invocations=76 (full 0):
 garbage-first heap   total 404480K, used 278528K [0x0000000080000000, 0x0000000100000000)
  region size 1024K, 19 young (19456K), 3 survivors (3072K)
 Metaspace       used 142419K, committed 143232K, reserved 1179648K
  class space    used 18798K, committed 19200K, reserved 1048576K
}

