# JRE version: OpenJDK Runtime Environment (17.0.11) (build 17.0.11+0--11852314)
# Java VM: OpenJDK 64-Bit Server VM (17.0.11+0--11852314, mixed mode, tiered, compressed oops, compressed class ptrs, g1 gc, windows-amd64)
GC Precious Log:
 CPUs: 4 total, 4 available
 Memory: 8072M
 Large Page Support: Disabled
 NUMA Support: Disabled
 Compressed Oops: Enabled (32-bit)
 Heap Region Size: 1M
 Heap Min Capacity: 8M
 Heap Initial Capacity: 128M
 Heap Max Capacity: 2G
 Pre-touch: Disabled
 Parallel Workers: 4
 Concurrent Workers: 1
 Concurrent Refinement Workers: 4
 Periodic GC: Disabled
Heap:
 garbage-first heap   total 433152K, used 279552K [0x0000000080000000, 0x0000000100000000)
  region size 1024K, 14 young (14336K), 14 survivors (14336K)
 Metaspace       used 167280K, committed 168576K, reserved 1245184K
  class space    used 22512K, committed 23168K, reserved 1048576K
GC Heap History (20 events):
Event: 1515.257 GC heap after
{Heap after GC invocations=62 (full 0):
 garbage-first heap   total 433152K, used 209706K [0x0000000080000000, 0x0000000100000000)
  region size 1024K, 3 young (3072K), 3 survivors (3072K)
 Metaspace       used 162298K, committed 163584K, reserved 1245184K
  class space    used 21938K, committed 22592K, reserved 1048576K
}
Event: 1518.944 GC heap before
{Heap before GC invocations=62 (full 0):
 garbage-first heap   total 433152K, used 337706K [0x0000000080000000, 0x0000000100000000)
  region size 1024K, 128 young (131072K), 3 survivors (3072K)
 Metaspace       used 162298K, committed 163584K, reserved 1245184K
  class space    used 21938K, committed 22592K, reserved 1048576K
}
Event: 1518.955 GC heap after
{Heap after GC invocations=63 (full 0):
 garbage-first heap   total 433152K, used 213802K [0x0000000080000000, 0x0000000100000000)
  region size 1024K, 7 young (7168K), 7 survivors (7168K)
 Metaspace       used 162298K, committed 163584K, reserved 1245184K
  class space    used 21938K, committed 22592K, reserved 1048576K
}
Event: 1523.650 GC heap before
{Heap before GC invocations=64 (full 0):
 garbage-first heap   total 433152K, used 342826K [0x0000000080000000, 0x0000000100000000)
  region size 1024K, 133 young (136192K), 7 survivors (7168K)
 Metaspace       used 162298K, committed 163584K, reserved 1245184K
  class space    used 21938K, committed 22592K, reserved 1048576K
}
Event: 1523.664 GC heap after
{Heap after GC invocations=65 (full 0):
 garbage-first heap   total 433152K, used 217878K [0x0000000080000000, 0x0000000100000000)
  region size 1024K, 11 young (11264K), 11 survivors (11264K)
 Metaspace       used 162298K, committed 163584K, reserved 1245184K
  class space    used 21938K, committed 22592K, reserved 1048576K
}
Event: 1523.959 GC heap before
{Heap before GC invocations=65 (full 0):
 garbage-first heap   total 433152K, used 228118K [0x0000000080000000, 0x0000000100000000)
  region size 1024K, 21 young (21504K), 11 survivors (11264K)
 Metaspace       used 162298K, committed 163584K, reserved 1245184K
  class space    used 21938K, committed 22592K, reserved 1048576K
}
Event: 1523.981 GC heap after
{Heap after GC invocations=66 (full 0):
 garbage-first heap   total 433152K, used 215821K [0x0000000080000000, 0x0000000100000000)
  region size 1024K, 3 young (3072K), 3 survivors (3072K)
 Metaspace       used 162298K, committed 163584K, reserved 1245184K
  class space    used 21938K, committed 22592K, reserved 1048576K
}
Event: 1526.578 GC heap before
{Heap before GC invocations=66 (full 0):
 garbage-first heap   total 433152K, used 347917K [0x0000000080000000, 0x0000000100000000)
  region size 1024K, 132 young (135168K), 3 survivors (3072K)
 Metaspace       used 162299K, committed 163584K, reserved 1245184K
  class space    used 21938K, committed 22592K, reserved 1048576K
}
Event: 1526.587 GC heap after
{Heap after GC invocations=67 (full 0):
 garbage-first heap   total 433152K, used 218886K [0x0000000080000000, 0x0000000100000000)
  region size 1024K, 6 young (6144K), 6 survivors (6144K)
 Metaspace       used 162299K, committed 163584K, reserved 1245184K
  class space    used 21938K, committed 22592K, reserved 1048576K
}
Event: 1528.915 GC heap before
{Heap before GC invocations=68 (full 0):
 garbage-first heap   total 433152K, used 352006K [0x0000000080000000, 0x0000000100000000)
  region size 1024K, 136 young (139264K), 6 survivors (6144K)
 Metaspace       used 162299K, committed 163584K, reserved 1245184K
  class space    used 21938K, committed 22592K, reserved 1048576K
}
Event: 1528.930 GC heap after
{Heap after GC invocations=69 (full 0):
 garbage-first heap   total 433152K, used 222758K [0x0000000080000000, 0x0000000100000000)
  region size 1024K, 10 young (10240K), 10 survivors (10240K)
 Metaspace       used 162299K, committed 163584K, reserved 1245184K
  class space    used 21938K, committed 22592K, reserved 1048576K
}
Event: 1529.035 GC heap before
{Heap before GC invocations=69 (full 0):
 garbage-first heap   total 433152K, used 234022K [0x0000000080000000, 0x0000000100000000)
  region size 1024K, 21 young (21504K), 10 survivors (10240K)
 Metaspace       used 162299K, committed 163584K, reserved 1245184K
  class space    used 21938K, committed 22592K, reserved 1048576K
}
Event: 1529.055 GC heap after
{Heap after GC invocations=70 (full 0):
 garbage-first heap   total 433152K, used 221000K [0x0000000080000000, 0x0000000100000000)
  region size 1024K, 3 young (3072K), 3 survivors (3072K)
 Metaspace       used 162299K, committed 163584K, reserved 1245184K
  class space    used 21938K, committed 22592K, reserved 1048576K
}
Event: 1530.852 GC heap before
{Heap before GC invocations=70 (full 0):
 garbage-first heap   total 433152K, used 355144K [0x0000000080000000, 0x0000000100000000)
  region size 1024K, 135 young (138240K), 3 survivors (3072K)
 Metaspace       used 162789K, committed 164160K, reserved 1245184K
  class space    used 22013K, committed 22720K, reserved 1048576K
}
Event: 1530.865 GC heap after
{Heap after GC invocations=71 (full 0):
 garbage-first heap   total 433152K, used 224859K [0x0000000080000000, 0x0000000100000000)
  region size 1024K, 7 young (7168K), 7 survivors (7168K)
 Metaspace       used 162789K, committed 164160K, reserved 1245184K
  class space    used 22013K, committed 22720K, reserved 1048576K
}
Event: 2215.052 GC heap before
{Heap before GC invocations=72 (full 0):
 garbage-first heap   total 433152K, used 360027K [0x0000000080000000, 0x0000000100000000)
  region size 1024K, 137 young (140288K), 7 survivors (7168K)
 Metaspace       used 163655K, committed 164992K, reserved 1245184K
  class space    used 22072K, committed 22720K, reserved 1048576K
}
Event: 2215.190 GC heap after
{Heap after GC invocations=73 (full 0):
 garbage-first heap   total 433152K, used 245851K [0x0000000080000000, 0x0000000100000000)
  region size 1024K, 18 young (18432K), 18 survivors (18432K)
 Metaspace       used 163655K, committed 164992K, reserved 1245184K
  class space    used 22072K, committed 22720K, reserved 1048576K
}
Event: 2215.302 GC heap before
{Heap before GC invocations=73 (full 0):
 garbage-first heap   total 433152K, used 247898K [0x0000000080000000, 0x0000000100000000)
  region size 1024K, 21 young (21504K), 18 survivors (18432K)
 Metaspace       used 163818K, committed 165120K, reserved 1245184K
  class space    used 22091K, committed 22720K, reserved 1048576K
}
Event: 2215.436 GC heap after
{Heap after GC invocations=74 (full 0):
 garbage-first heap   total 433152K, used 247277K [0x0000000080000000, 0x0000000100000000)
  region size 1024K, 3 young (3072K), 3 survivors (3072K)
 Metaspace       used 163818K, committed 165120K, reserved 1245184K
  class space    used 22091K, committed 22720K, reserved 1048576K
}
Event: 2219.231 GC heap before
{Heap before GC invocations=74 (full 0):
 garbage-first heap   total 433152K, used 337389K [0x0000000080000000, 0x0000000100000000)
  region size 1024K, 92 young (94208K), 3 survivors (3072K)
 Metaspace       used 167280K, committed 168576K, reserved 1245184K
  class space    used 22512K, committed 23168K, reserved 1048576K
}

