# JRE version: OpenJDK Runtime Environment (17.0.11) (build 17.0.11+0--11852314)
# Java VM: OpenJDK 64-Bit Server VM (17.0.11+0--11852314, mixed mode, tiered, compressed oops, compressed class ptrs, g1 gc, windows-amd64)
GC Precious Log:
 CPUs: 4 total, 4 available
 Memory: 8072M
 Large Page Support: Disabled
 NUMA Support: Disabled
 Compressed Oops: Enabled (32-bit)
 Heap Region Size: 1M
 Heap Min Capacity: 8M
 Heap Initial Capacity: 128M
 Heap Max Capacity: 2G
 Pre-touch: Disabled
 Parallel Workers: 4
 Concurrent Workers: 1
 Concurrent Refinement Workers: 4
 Periodic GC: Disabled
Heap:
 garbage-first heap   total 399360K, used 174927K [0x0000000080000000, 0x0000000100000000)
  region size 1024K, 3 young (3072K), 3 survivors (3072K)
 Metaspace       used 161967K, committed 163072K, reserved 1245184K
  class space    used 21540K, committed 22080K, reserved 1048576K
GC Heap History (20 events):
Event: 146.144 GC heap after
{Heap after GC invocations=79 (full 0):
 garbage-first heap   total 399360K, used 219337K [0x0000000080000000, 0x0000000100000000)
  region size 1024K, 2 young (2048K), 2 survivors (2048K)
 Metaspace       used 153696K, committed 154752K, reserved 1245184K
  class space    used 20850K, committed 21376K, reserved 1048576K
}
Event: 146.157 GC heap before
{Heap before GC invocations=79 (full 0):
 garbage-first heap   total 399360K, used 223433K [0x0000000080000000, 0x0000000100000000)
  region size 1024K, 3 young (3072K), 2 survivors (2048K)
 Metaspace       used 153696K, committed 154752K, reserved 1245184K
  class space    used 20850K, committed 21376K, reserved 1048576K
}
Event: 146.163 GC heap after
{Heap after GC invocations=80 (full 0):
 garbage-first heap   total 399360K, used 221357K [0x0000000080000000, 0x0000000100000000)
  region size 1024K, 2 young (2048K), 2 survivors (2048K)
 Metaspace       used 153696K, committed 154752K, reserved 1245184K
  class space    used 20850K, committed 21376K, reserved 1048576K
}
Event: 396.357 GC heap before
{Heap before GC invocations=81 (full 0):
 garbage-first heap   total 399360K, used 327853K [0x0000000080000000, 0x0000000100000000)
  region size 1024K, 125 young (128000K), 2 survivors (2048K)
 Metaspace       used 159652K, committed 160704K, reserved 1245184K
  class space    used 21425K, committed 21952K, reserved 1048576K
}
Event: 396.382 GC heap after
{Heap after GC invocations=82 (full 0):
 garbage-first heap   total 399360K, used 195581K [0x0000000080000000, 0x0000000100000000)
  region size 1024K, 10 young (10240K), 10 survivors (10240K)
 Metaspace       used 159652K, committed 160704K, reserved 1245184K
  class space    used 21425K, committed 21952K, reserved 1048576K
}
Event: 396.681 GC heap before
{Heap before GC invocations=82 (full 0):
 garbage-first heap   total 399360K, used 204797K [0x0000000080000000, 0x0000000100000000)
  region size 1024K, 19 young (19456K), 10 survivors (10240K)
 Metaspace       used 159678K, committed 160768K, reserved 1245184K
  class space    used 21425K, committed 21952K, reserved 1048576K
}
Event: 396.750 GC heap after
{Heap after GC invocations=83 (full 0):
 garbage-first heap   total 399360K, used 164865K [0x0000000080000000, 0x0000000100000000)
  region size 1024K, 3 young (3072K), 3 survivors (3072K)
 Metaspace       used 159678K, committed 160768K, reserved 1245184K
  class space    used 21425K, committed 21952K, reserved 1048576K
}
Event: 397.024 GC heap before
{Heap before GC invocations=83 (full 0):
 garbage-first heap   total 399360K, used 174081K [0x0000000080000000, 0x0000000100000000)
  region size 1024K, 13 young (13312K), 3 survivors (3072K)
 Metaspace       used 159697K, committed 160768K, reserved 1245184K
  class space    used 21425K, committed 21952K, reserved 1048576K
}
Event: 397.031 GC heap after
{Heap after GC invocations=84 (full 0):
 garbage-first heap   total 399360K, used 165094K [0x0000000080000000, 0x0000000100000000)
  region size 1024K, 3 young (3072K), 3 survivors (3072K)
 Metaspace       used 159697K, committed 160768K, reserved 1245184K
  class space    used 21425K, committed 21952K, reserved 1048576K
}
Event: 407.136 GC heap before
{Heap before GC invocations=85 (full 0):
 garbage-first heap   total 399360K, used 340198K [0x0000000080000000, 0x0000000100000000)
  region size 1024K, 145 young (148480K), 3 survivors (3072K)
 Metaspace       used 160053K, committed 161088K, reserved 1245184K
  class space    used 21431K, committed 21952K, reserved 1048576K
}
Event: 407.160 GC heap after
{Heap after GC invocations=86 (full 0):
 garbage-first heap   total 399360K, used 169222K [0x0000000080000000, 0x0000000100000000)
  region size 1024K, 10 young (10240K), 10 survivors (10240K)
 Metaspace       used 160053K, committed 161088K, reserved 1245184K
  class space    used 21431K, committed 21952K, reserved 1048576K
}
Event: 407.212 GC heap before
{Heap before GC invocations=86 (full 0):
 garbage-first heap   total 399360K, used 177414K [0x0000000080000000, 0x0000000100000000)
  region size 1024K, 19 young (19456K), 10 survivors (10240K)
 Metaspace       used 160055K, committed 161088K, reserved 1245184K
  class space    used 21431K, committed 21952K, reserved 1048576K
}
Event: 407.266 GC heap after
{Heap after GC invocations=87 (full 0):
 garbage-first heap   total 399360K, used 154184K [0x0000000080000000, 0x0000000100000000)
  region size 1024K, 2 young (2048K), 2 survivors (2048K)
 Metaspace       used 160055K, committed 161088K, reserved 1245184K
  class space    used 21431K, committed 21952K, reserved 1048576K
}
Event: 446.582 GC heap before
{Heap before GC invocations=87 (full 0):
 garbage-first heap   total 399360K, used 321096K [0x0000000080000000, 0x0000000100000000)
  region size 1024K, 166 young (169984K), 2 survivors (2048K)
 Metaspace       used 161047K, committed 162112K, reserved 1245184K
  class space    used 21539K, committed 22080K, reserved 1048576K
}
Event: 446.640 GC heap after
{Heap after GC invocations=88 (full 0):
 garbage-first heap   total 399360K, used 165662K [0x0000000080000000, 0x0000000100000000)
  region size 1024K, 13 young (13312K), 13 survivors (13312K)
 Metaspace       used 161047K, committed 162112K, reserved 1245184K
  class space    used 21539K, committed 22080K, reserved 1048576K
}
Event: 453.048 GC heap before
{Heap before GC invocations=89 (full 0):
 garbage-first heap   total 399360K, used 326430K [0x0000000080000000, 0x0000000100000000)
  region size 1024K, 166 young (169984K), 13 survivors (13312K)
 Metaspace       used 161759K, committed 162880K, reserved 1245184K
  class space    used 21540K, committed 22080K, reserved 1048576K
}
Event: 453.107 GC heap after
{Heap after GC invocations=90 (full 0):
 garbage-first heap   total 399360K, used 179033K [0x0000000080000000, 0x0000000100000000)
  region size 1024K, 12 young (12288K), 12 survivors (12288K)
 Metaspace       used 161759K, committed 162880K, reserved 1245184K
  class space    used 21540K, committed 22080K, reserved 1048576K
}
Event: 453.133 GC heap before
{Heap before GC invocations=90 (full 0):
 garbage-first heap   total 399360K, used 186201K [0x0000000080000000, 0x0000000100000000)
  region size 1024K, 19 young (19456K), 12 survivors (12288K)
 Metaspace       used 161764K, committed 162880K, reserved 1245184K
  class space    used 21540K, committed 22080K, reserved 1048576K
}
Event: 453.176 GC heap after
{Heap after GC invocations=91 (full 0):
 garbage-first heap   total 399360K, used 175599K [0x0000000080000000, 0x0000000100000000)
  region size 1024K, 3 young (3072K), 3 survivors (3072K)
 Metaspace       used 161764K, committed 162880K, reserved 1245184K
  class space    used 21540K, committed 22080K, reserved 1048576K
}
Event: 454.552 GC heap before
{Heap before GC invocations=91 (full 0):
 garbage-first heap   total 399360K, used 229871K [0x0000000080000000, 0x0000000100000000)
  region size 1024K, 58 young (59392K), 3 survivors (3072K)
 Metaspace       used 161967K, committed 163072K, reserved 1245184K
  class space    used 21540K, committed 22080K, reserved 1048576K
}

